<?xml version="1.0" encoding="UTF-8"?>
<testng-results ignored="0" total="1" passed="1" failed="0" skipped="0">
  <reporter-output>
  </reporter-output>
  <suite started-at="2020-11-07T18:01:21Z" name="Default suite" finished-at="2020-11-07T18:01:21Z" duration-ms="30">
    <groups>
    </groups>
    <test started-at="2020-11-07T18:01:21Z" name="Default test" finished-at="2020-11-07T18:01:21Z" duration-ms="30">
      <class name="Test.TestNGEj">
        <test-method signature="f()[pri:0, instance:Test.TestNGEj@71def8f8]" started-at="2020-11-07T12:01:21Z" name="f" finished-at="2020-11-07T12:01:21Z" duration-ms="8" status="PASS">
          <reporter-output>
          </reporter-output>
        </test-method> <!-- f -->
      </class> <!-- Test.TestNGEj -->
    </test> <!-- Default test -->
  </suite> <!-- Default suite -->
</testng-results>
